.\Debug\ViewScene.pdb
C:\Program Files\Autodesk\FBX\FBX SDK\2014.1\samples\FbxView\.\Debug\ViewScene.exe
C:\Program Files\Autodesk\FBX\FBX SDK\2014.1\samples\FbxView\.\Debug\ViewScene.exe.intermediate.manifest
C:\Program Files\Autodesk\FBX\FBX SDK\2014.1\samples\FbxView\Debug\cl.command.1.tlog
C:\Program Files\Autodesk\FBX\FBX SDK\2014.1\samples\FbxView\Debug\CL.read.1.tlog
C:\Program Files\Autodesk\FBX\FBX SDK\2014.1\samples\FbxView\Debug\CL.write.1.tlog
C:\PROGRAM FILES\AUTODESK\FBX\FBX SDK\2014.1\SAMPLES\FBXVIEW\DEBUG\COMMON.OBJ
C:\PROGRAM FILES\AUTODESK\FBX\FBX SDK\2014.1\SAMPLES\FBXVIEW\DEBUG\DRAWSCENE.OBJ
C:\PROGRAM FILES\AUTODESK\FBX\FBX SDK\2014.1\SAMPLES\FBXVIEW\DEBUG\DRAWTEXT.OBJ
C:\PROGRAM FILES\AUTODESK\FBX\FBX SDK\2014.1\SAMPLES\FBXVIEW\DEBUG\FRAME.OBJ
C:\PROGRAM FILES\AUTODESK\FBX\FBX SDK\2014.1\SAMPLES\FBXVIEW\DEBUG\GETPOSITION.OBJ
C:\PROGRAM FILES\AUTODESK\FBX\FBX SDK\2014.1\SAMPLES\FBXVIEW\DEBUG\GLFUNCTIONS.OBJ
C:\PROGRAM FILES\AUTODESK\FBX\FBX SDK\2014.1\SAMPLES\FBXVIEW\DEBUG\JOINT.OBJ
C:\Program Files\Autodesk\FBX\FBX SDK\2014.1\samples\FbxView\Debug\link.command.1.tlog
C:\Program Files\Autodesk\FBX\FBX SDK\2014.1\samples\FbxView\Debug\link.read.1.tlog
C:\Program Files\Autodesk\FBX\FBX SDK\2014.1\samples\FbxView\Debug\link.write.1.tlog
C:\PROGRAM FILES\AUTODESK\FBX\FBX SDK\2014.1\SAMPLES\FBXVIEW\DEBUG\MAIN.OBJ
C:\PROGRAM FILES\AUTODESK\FBX\FBX SDK\2014.1\SAMPLES\FBXVIEW\DEBUG\MOTION.OBJ
C:\Program Files\Autodesk\FBX\FBX SDK\2014.1\samples\FbxView\Debug\mt.command.1.tlog
C:\Program Files\Autodesk\FBX\FBX SDK\2014.1\samples\FbxView\Debug\mt.read.1.tlog
C:\Program Files\Autodesk\FBX\FBX SDK\2014.1\samples\FbxView\Debug\mt.write.1.tlog
C:\PROGRAM FILES\AUTODESK\FBX\FBX SDK\2014.1\SAMPLES\FBXVIEW\DEBUG\PLAYER.OBJ
C:\PROGRAM FILES\AUTODESK\FBX\FBX SDK\2014.1\SAMPLES\FBXVIEW\DEBUG\SCENECACHE.OBJ
C:\PROGRAM FILES\AUTODESK\FBX\FBX SDK\2014.1\SAMPLES\FBXVIEW\DEBUG\SCENECONTEXT.OBJ
C:\PROGRAM FILES\AUTODESK\FBX\FBX SDK\2014.1\SAMPLES\FBXVIEW\DEBUG\SETCAMERA.OBJ
C:\PROGRAM FILES\AUTODESK\FBX\FBX SDK\2014.1\SAMPLES\FBXVIEW\DEBUG\SHADER.OBJ
C:\PROGRAM FILES\AUTODESK\FBX\FBX SDK\2014.1\SAMPLES\FBXVIEW\DEBUG\SKELETON.OBJ
C:\PROGRAM FILES\AUTODESK\FBX\FBX SDK\2014.1\SAMPLES\FBXVIEW\DEBUG\SKELETONMESH.OBJ
C:\PROGRAM FILES\AUTODESK\FBX\FBX SDK\2014.1\SAMPLES\FBXVIEW\DEBUG\TARGA.OBJ
C:\PROGRAM FILES\AUTODESK\FBX\FBX SDK\2014.1\SAMPLES\FBXVIEW\DEBUG\TRANSFORMATION.OBJ
C:\PROGRAM FILES\AUTODESK\FBX\FBX SDK\2014.1\SAMPLES\FBXVIEW\DEBUG\VIEWSCENE.EXE
C:\PROGRAM FILES\AUTODESK\FBX\FBX SDK\2014.1\SAMPLES\FBXVIEW\DEBUG\VIEWSCENE.EXE.INTERMEDIATE.MANIFEST
C:\PROGRAM FILES\AUTODESK\FBX\FBX SDK\2014.1\SAMPLES\FBXVIEW\DEBUG\VIEWSCENE.PDB
